0 info it worked if it ends with ok
1 verbose cli [ 'C:\\Program Files\\nodejs\\node.exe',
1 verbose cli   'C:\\Program Files\\nodejs\\node_modules\\npm\\bin\\npm-cli.js',
1 verbose cli   'run',
1 verbose cli   'unit-tests' ]
2 info using npm@3.10.10
3 info using node@v6.11.2
4 verbose run-script [ 'preunit-tests', 'unit-tests', 'postunit-tests' ]
5 info lifecycle front-app@1.0.0~preunit-tests: front-app@1.0.0
6 silly lifecycle front-app@1.0.0~preunit-tests: no script for preunit-tests, continuing
7 info lifecycle front-app@1.0.0~unit-tests: front-app@1.0.0
8 verbose lifecycle front-app@1.0.0~unit-tests: unsafe-perm in lifecycle true
9 verbose lifecycle front-app@1.0.0~unit-tests: PATH: C:\Program Files\nodejs\node_modules\npm\bin\node-gyp-bin;C:\Users\ETY8\Documents\projet-fils-rouge\gestion-des-absences\front\node_modules\.bin;C:\ProgramData\Oracle\Java\javapath;C:\WINDOWS\system32;C:\WINDOWS;C:\WINDOWS\System32\Wbem;C:\WINDOWS\System32\WindowsPowerShell\v1.0\;C:\Program Files\Git\cmd;C:\Program Files\nodejs\;C:\Users\ETY8\AppData\Local\Microsoft\WindowsApps;C:\apache-maven-3.5.0\bin;C:\Program Files\Java\jdk1.8.0_131\bin;C:\Users\ETY8\AppData\Roaming\npm;C:\spring-1.5.3.RELEASE\bin;C:\Program Files (x86)\Microsoft VS Code\bin
10 verbose lifecycle front-app@1.0.0~unit-tests: CWD: C:\Users\ETY8\Documents\projet-fils-rouge\gestion-des-absences\front
11 silly lifecycle front-app@1.0.0~unit-tests: Args: [ '/d /s /c', 'karma start' ]
12 verbose stack Error: kill ENOSYS
12 verbose stack     at exports._errnoException (util.js:1020:11)
12 verbose stack     at process.kill (internal/process.js:190:13)
12 verbose stack     at process.listener (C:\Program Files\nodejs\node_modules\npm\node_modules\npmlog\node_modules\gauge\node_modules\signal-exit\index.js:86:15)
12 verbose stack     at emitNone (events.js:91:20)
12 verbose stack     at process.emit (events.js:185:7)
12 verbose stack     at processEmit (C:\Program Files\nodejs\node_modules\npm\node_modules\npmlog\node_modules\gauge\node_modules\signal-exit\index.js:146:32)
12 verbose stack     at processEmit (C:\Program Files\nodejs\node_modules\npm\node_modules\npm-registry-client\node_modules\npmlog\node_modules\gauge\node_modules\signal-exit\index.js:146:32)
12 verbose stack     at Signal.wrap.onsignal (internal/process.js:217:44)
13 verbose cwd C:\Users\ETY8\Documents\projet-fils-rouge\gestion-des-absences\front
14 error Windows_NT 10.0.15063
15 error argv "C:\\Program Files\\nodejs\\node.exe" "C:\\Program Files\\nodejs\\node_modules\\npm\\bin\\npm-cli.js" "run" "unit-tests"
16 error node v6.11.2
17 error npm  v3.10.10
18 error code ENOSYS
19 error errno ENOSYS
20 error syscall kill
21 error kill ENOSYS
22 error If you need help, you may report this error at:
22 error     <https://github.com/npm/npm/issues>
23 verbose exit [ 1, true ]
